<?xml version="1.0" encoding="UTF-8"?>
<!-- Generated by org.testng.reporters.JUnitReportReporter -->
<testsuite hostname="COL-LT-231114C" failures="0" tests="4" name="com.exercise.one.TestNGRestAssured" time="5.233" errors="0" timestamp="2024-04-04T10:08:40 COT" skipped="0">
  <testcase classname="com.exercise.one.TestNGRestAssured" name="listUsers" time="2.935"/>
  <testcase classname="com.exercise.one.TestNGRestAssured" name="createUser" time="0.701"/>
  <testcase classname="com.exercise.one.TestNGRestAssured" name="updateUser" time="0.666"/>
  <testcase classname="com.exercise.one.TestNGRestAssured" name="deleteUser" time="0.931"/>
</testsuite> <!-- com.exercise.one.TestNGRestAssured -->
