<?xml version="1.0" encoding="UTF-8"?>
<!-- Generated by org.testng.reporters.JUnitReportReporter -->
<testsuite hostname="COL-LT-231114C" failures="0" tests="4" name="com.exercise.one.TestNGRestAssured" time="3.894" errors="0" timestamp="2024-04-02T16:08:30 COT" skipped="0">
  <testcase classname="com.exercise.one.TestNGRestAssured" name="listUsers" time="1.733"/>
  <testcase classname="com.exercise.one.TestNGRestAssured" name="createUser" time="1.141"/>
  <testcase classname="com.exercise.one.TestNGRestAssured" name="updateUser" time="0.495"/>
  <testcase classname="com.exercise.one.TestNGRestAssured" name="getUser" time="0.525"/>
</testsuite> <!-- com.exercise.one.TestNGRestAssured -->
