<?xml version="1.0" encoding="UTF-8"?>
<!-- Generated by org.testng.reporters.JUnitReportReporter -->
<testsuite hostname="COL-LT-231114C" failures="0" tests="3" name="com.exercise.three.RequestExternalJSON" time="3.475" errors="0" timestamp="2024-04-04T11:45:23 COT" skipped="0">
  <testcase classname="com.exercise.three.RequestExternalJSON" name="createUser" time="1.880"/>
  <testcase classname="com.exercise.three.RequestExternalJSON" name="createUser" time="1.068"/>
  <testcase classname="com.exercise.three.RequestExternalJSON" name="createUser" time="0.527"/>
</testsuite> <!-- com.exercise.three.RequestExternalJSON -->
